2014/02/22 05:23:30 [error] [exception.CDbException] exception 'CDbException' with message 'CDbConnection failed to open the DB connection: SQLSTATE[HY000] [1049] Unknown database 'fsbaechacs'' in C:\wamp\www\yii\framework\db\CDbConnection.php:382
Stack trace:
#0 C:\wamp\www\yii\framework\db\CDbConnection.php(330): CDbConnection->open()
#1 C:\wamp\www\yii\framework\db\CDbConnection.php(308): CDbConnection->setActive(true)
#2 C:\wamp\www\yii\framework\base\CModule.php(387): CDbConnection->init()
#3 C:\wamp\www\yii\framework\base\CApplication.php(450): CModule->getComponent('db')
#4 C:\wamp\www\yii\framework\db\ar\CActiveRecord.php(634): CApplication->getDb()
#5 C:\wamp\www\yii\framework\db\ar\CActiveRecord.php(2361): CActiveRecord->getDbConnection()
#6 C:\wamp\www\yii\framework\db\ar\CActiveRecord.php(411): CActiveRecordMetaData->__construct(Object(Member))
#7 C:\wamp\www\yii\framework\db\ar\CActiveRecord.php(79): CActiveRecord->getMetaData()
#8 C:\wamp\www\fs\protected\controllers\SiteController.php(110): CActiveRecord->__construct()
#9 C:\wamp\www\yii\framework\web\actions\CInlineAction.php(49): SiteController->actionRegister()
#10 C:\wamp\www\yii\framework\web\CController.php(308): CInlineAction->runWithParams(Array)
#11 C:\wamp\www\yii\framework\web\CController.php(286): CController->runAction(Object(CInlineAction))
#12 C:\wamp\www\yii\framework\web\CController.php(265): CController->runActionWithFilters(Object(CInlineAction), Array)
#13 C:\wamp\www\yii\framework\web\CWebApplication.php(282): CController->run('register')
#14 C:\wamp\www\yii\framework\web\CWebApplication.php(141): CWebApplication->runController('site/register')
#15 C:\wamp\www\yii\framework\base\CApplication.php(180): CWebApplication->processRequest()
#16 C:\wamp\www\fs\index.php(13): CApplication->run()
#17 {main}
REQUEST_URI=/fs/index.php?r=site/register
HTTP_REFERER=http://localhost/fs/
---
2014/02/22 05:56:04 [error] [exception.CException] exception 'CException' with message 'ActivityController cannot find the requested view "tour".' in C:\wamp\www\yii\framework\web\CController.php:878
Stack trace:
#0 C:\wamp\www\yii\framework\web\CController.php(782): CController->renderPartial('tour', Array, true)
#1 C:\wamp\www\fs\protected\controllers\ActivityController.php(136): CController->render('tour', Array)
#2 C:\wamp\www\yii\framework\web\actions\CInlineAction.php(49): ActivityController->actionTour()
#3 C:\wamp\www\yii\framework\web\CController.php(308): CInlineAction->runWithParams(Array)
#4 C:\wamp\www\yii\framework\web\filters\CFilterChain.php(133): CController->runAction(Object(CInlineAction))
#5 C:\wamp\www\yii\framework\web\filters\CFilter.php(40): CFilterChain->run()
#6 C:\wamp\www\yii\framework\web\CController.php(1145): CFilter->filter(Object(CFilterChain))
#7 C:\wamp\www\yii\framework\web\filters\CInlineFilter.php(58): CController->filterAccessControl(Object(CFilterChain))
#8 C:\wamp\www\yii\framework\web\filters\CFilterChain.php(130): CInlineFilter->filter(Object(CFilterChain))
#9 C:\wamp\www\yii\framework\web\CController.php(291): CFilterChain->run()
#10 C:\wamp\www\yii\framework\web\CController.php(265): CController->runActionWithFilters(Object(CInlineAction), Array)
#11 C:\wamp\www\yii\framework\web\CWebApplication.php(282): CController->run('tour')
#12 C:\wamp\www\yii\framework\web\CWebApplication.php(141): CWebApplication->runController('activity/tour')
#13 C:\wamp\www\yii\framework\base\CApplication.php(180): CWebApplication->processRequest()
#14 C:\wamp\www\fs\index.php(13): CApplication->run()
#15 {main}
REQUEST_URI=/fs/index.php?r=activity/tour
HTTP_REFERER=http://localhost/fs/index.php?r=activity/index
---
2014/02/22 05:57:34 [error] [exception.CException] exception 'CException' with message 'ActivityController cannot find the requested view "tour".' in C:\wamp\www\yii\framework\web\CController.php:878
Stack trace:
#0 C:\wamp\www\yii\framework\web\CController.php(782): CController->renderPartial('tour', Array, true)
#1 C:\wamp\www\fs\protected\controllers\ActivityController.php(136): CController->render('tour', Array)
#2 C:\wamp\www\yii\framework\web\actions\CInlineAction.php(49): ActivityController->actionTour()
#3 C:\wamp\www\yii\framework\web\CController.php(308): CInlineAction->runWithParams(Array)
#4 C:\wamp\www\yii\framework\web\filters\CFilterChain.php(133): CController->runAction(Object(CInlineAction))
#5 C:\wamp\www\yii\framework\web\filters\CFilter.php(40): CFilterChain->run()
#6 C:\wamp\www\yii\framework\web\CController.php(1145): CFilter->filter(Object(CFilterChain))
#7 C:\wamp\www\yii\framework\web\filters\CInlineFilter.php(58): CController->filterAccessControl(Object(CFilterChain))
#8 C:\wamp\www\yii\framework\web\filters\CFilterChain.php(130): CInlineFilter->filter(Object(CFilterChain))
#9 C:\wamp\www\yii\framework\web\CController.php(291): CFilterChain->run()
#10 C:\wamp\www\yii\framework\web\CController.php(265): CController->runActionWithFilters(Object(CInlineAction), Array)
#11 C:\wamp\www\yii\framework\web\CWebApplication.php(282): CController->run('tour')
#12 C:\wamp\www\yii\framework\web\CWebApplication.php(141): CWebApplication->runController('activity/tour')
#13 C:\wamp\www\yii\framework\base\CApplication.php(180): CWebApplication->processRequest()
#14 C:\wamp\www\fs\index.php(13): CApplication->run()
#15 {main}
REQUEST_URI=/fs/index.php?r=activity/tour
HTTP_REFERER=http://localhost/fs/index.php?r=activity/index
---
2014/02/22 05:57:46 [error] [exception.CException] exception 'CException' with message 'ActivityController cannot find the requested view "tour".' in C:\wamp\www\yii\framework\web\CController.php:878
Stack trace:
#0 C:\wamp\www\yii\framework\web\CController.php(782): CController->renderPartial('tour', Array, true)
#1 C:\wamp\www\fs\protected\controllers\ActivityController.php(136): CController->render('tour', Array)
#2 C:\wamp\www\yii\framework\web\actions\CInlineAction.php(49): ActivityController->actionTour()
#3 C:\wamp\www\yii\framework\web\CController.php(308): CInlineAction->runWithParams(Array)
#4 C:\wamp\www\yii\framework\web\filters\CFilterChain.php(133): CController->runAction(Object(CInlineAction))
#5 C:\wamp\www\yii\framework\web\filters\CFilter.php(40): CFilterChain->run()
#6 C:\wamp\www\yii\framework\web\CController.php(1145): CFilter->filter(Object(CFilterChain))
#7 C:\wamp\www\yii\framework\web\filters\CInlineFilter.php(58): CController->filterAccessControl(Object(CFilterChain))
#8 C:\wamp\www\yii\framework\web\filters\CFilterChain.php(130): CInlineFilter->filter(Object(CFilterChain))
#9 C:\wamp\www\yii\framework\web\CController.php(291): CFilterChain->run()
#10 C:\wamp\www\yii\framework\web\CController.php(265): CController->runActionWithFilters(Object(CInlineAction), Array)
#11 C:\wamp\www\yii\framework\web\CWebApplication.php(282): CController->run('tour')
#12 C:\wamp\www\yii\framework\web\CWebApplication.php(141): CWebApplication->runController('activity/tour')
#13 C:\wamp\www\yii\framework\base\CApplication.php(180): CWebApplication->processRequest()
#14 C:\wamp\www\fs\index.php(13): CApplication->run()
#15 {main}
REQUEST_URI=/fs/index.php?r=activity/tour
HTTP_REFERER=http://localhost/fs/index.php?r=activity/index
---
2014/02/22 05:59:00 [error] [exception.CException] exception 'CException' with message 'ActivityController cannot find the requested view "tour".' in C:\wamp\www\yii\framework\web\CController.php:878
Stack trace:
#0 C:\wamp\www\yii\framework\web\CController.php(782): CController->renderPartial('tour', Array, true)
#1 C:\wamp\www\fs\protected\controllers\ActivityController.php(136): CController->render('tour', Array)
#2 C:\wamp\www\yii\framework\web\actions\CInlineAction.php(49): ActivityController->actionTour()
#3 C:\wamp\www\yii\framework\web\CController.php(308): CInlineAction->runWithParams(Array)
#4 C:\wamp\www\yii\framework\web\filters\CFilterChain.php(133): CController->runAction(Object(CInlineAction))
#5 C:\wamp\www\yii\framework\web\filters\CFilter.php(40): CFilterChain->run()
#6 C:\wamp\www\yii\framework\web\CController.php(1145): CFilter->filter(Object(CFilterChain))
#7 C:\wamp\www\yii\framework\web\filters\CInlineFilter.php(58): CController->filterAccessControl(Object(CFilterChain))
#8 C:\wamp\www\yii\framework\web\filters\CFilterChain.php(130): CInlineFilter->filter(Object(CFilterChain))
#9 C:\wamp\www\yii\framework\web\CController.php(291): CFilterChain->run()
#10 C:\wamp\www\yii\framework\web\CController.php(265): CController->runActionWithFilters(Object(CInlineAction), Array)
#11 C:\wamp\www\yii\framework\web\CWebApplication.php(282): CController->run('tour')
#12 C:\wamp\www\yii\framework\web\CWebApplication.php(141): CWebApplication->runController('activity/tour')
#13 C:\wamp\www\yii\framework\base\CApplication.php(180): CWebApplication->processRequest()
#14 C:\wamp\www\fs\index.php(13): CApplication->run()
#15 {main}
REQUEST_URI=/fs/index.php?r=activity/tour
HTTP_REFERER=http://localhost/fs/index.php?r=activity/index
---
2014/02/22 06:07:22 [error] [exception.CException] exception 'CException' with message 'CActiveForm and its behaviors do not have a method or closure named "file".' in C:\wamp\www\yii\framework\base\CComponent.php:266
Stack trace:
#0 C:\wamp\www\fs\protected\views\activity\_form.php(31): CComponent->__call('file', Array)
#1 C:\wamp\www\fs\protected\views\activity\_form.php(31): CActiveForm->file(Object(Activity), 'img', Array)
#2 C:\wamp\www\yii\framework\web\CBaseController.php(126): require('C:\wamp\www\fs\...')
#3 C:\wamp\www\yii\framework\web\CBaseController.php(95): CBaseController->renderInternal('C:\wamp\www\fs\...', Array, true)
#4 C:\wamp\www\yii\framework\web\CController.php(869): CBaseController->renderFile('C:\wamp\www\fs\...', Array, true)
#5 C:\wamp\www\fs\protected\views\activity\create.php(18): CController->renderPartial('_form', Array)
#6 C:\wamp\www\yii\framework\web\CBaseController.php(126): require('C:\wamp\www\fs\...')
#7 C:\wamp\www\yii\framework\web\CBaseController.php(95): CBaseController->renderInternal('C:\wamp\www\fs\...', Array, true)
#8 C:\wamp\www\yii\framework\web\CController.php(869): CBaseController->renderFile('C:\wamp\www\fs\...', Array, true)
#9 C:\wamp\www\yii\framework\web\CController.php(782): CController->renderPartial('create', Array, true)
#10 C:\wamp\www\fs\protected\controllers\ActivityController.php(79): CController->render('create', Array)
#11 C:\wamp\www\yii\framework\web\actions\CInlineAction.php(49): ActivityController->actionCreate()
#12 C:\wamp\www\yii\framework\web\CController.php(308): CInlineAction->runWithParams(Array)
#13 C:\wamp\www\yii\framework\web\filters\CFilterChain.php(133): CController->runAction(Object(CInlineAction))
#14 C:\wamp\www\yii\framework\web\filters\CFilter.php(40): CFilterChain->run()
#15 C:\wamp\www\yii\framework\web\CController.php(1145): CFilter->filter(Object(CFilterChain))
#16 C:\wamp\www\yii\framework\web\filters\CInlineFilter.php(58): CController->filterAccessControl(Object(CFilterChain))
#17 C:\wamp\www\yii\framework\web\filters\CFilterChain.php(130): CInlineFilter->filter(Object(CFilterChain))
#18 C:\wamp\www\yii\framework\web\CController.php(291): CFilterChain->run()
#19 C:\wamp\www\yii\framework\web\CController.php(265): CController->runActionWithFilters(Object(CInlineAction), Array)
#20 C:\wamp\www\yii\framework\web\CWebApplication.php(282): CController->run('create')
#21 C:\wamp\www\yii\framework\web\CWebApplication.php(141): CWebApplication->runController('activity/create')
#22 C:\wamp\www\yii\framework\base\CApplication.php(180): CWebApplication->processRequest()
#23 C:\wamp\www\fs\index.php(13): CApplication->run()
#24 {main}
REQUEST_URI=/fs/index.php?r=activity/create
HTTP_REFERER=http://localhost/fs/index.php?r=site/login
---
2014/02/22 06:07:30 [error] [exception.CException] exception 'CException' with message 'CActiveForm and its behaviors do not have a method or closure named "File".' in C:\wamp\www\yii\framework\base\CComponent.php:266
Stack trace:
#0 C:\wamp\www\fs\protected\views\activity\_form.php(31): CComponent->__call('File', Array)
#1 C:\wamp\www\fs\protected\views\activity\_form.php(31): CActiveForm->File(Object(Activity), 'img', Array)
#2 C:\wamp\www\yii\framework\web\CBaseController.php(126): require('C:\wamp\www\fs\...')
#3 C:\wamp\www\yii\framework\web\CBaseController.php(95): CBaseController->renderInternal('C:\wamp\www\fs\...', Array, true)
#4 C:\wamp\www\yii\framework\web\CController.php(869): CBaseController->renderFile('C:\wamp\www\fs\...', Array, true)
#5 C:\wamp\www\fs\protected\views\activity\create.php(18): CController->renderPartial('_form', Array)
#6 C:\wamp\www\yii\framework\web\CBaseController.php(126): require('C:\wamp\www\fs\...')
#7 C:\wamp\www\yii\framework\web\CBaseController.php(95): CBaseController->renderInternal('C:\wamp\www\fs\...', Array, true)
#8 C:\wamp\www\yii\framework\web\CController.php(869): CBaseController->renderFile('C:\wamp\www\fs\...', Array, true)
#9 C:\wamp\www\yii\framework\web\CController.php(782): CController->renderPartial('create', Array, true)
#10 C:\wamp\www\fs\protected\controllers\ActivityController.php(79): CController->render('create', Array)
#11 C:\wamp\www\yii\framework\web\actions\CInlineAction.php(49): ActivityController->actionCreate()
#12 C:\wamp\www\yii\framework\web\CController.php(308): CInlineAction->runWithParams(Array)
#13 C:\wamp\www\yii\framework\web\filters\CFilterChain.php(133): CController->runAction(Object(CInlineAction))
#14 C:\wamp\www\yii\framework\web\filters\CFilter.php(40): CFilterChain->run()
#15 C:\wamp\www\yii\framework\web\CController.php(1145): CFilter->filter(Object(CFilterChain))
#16 C:\wamp\www\yii\framework\web\filters\CInlineFilter.php(58): CController->filterAccessControl(Object(CFilterChain))
#17 C:\wamp\www\yii\framework\web\filters\CFilterChain.php(130): CInlineFilter->filter(Object(CFilterChain))
#18 C:\wamp\www\yii\framework\web\CController.php(291): CFilterChain->run()
#19 C:\wamp\www\yii\framework\web\CController.php(265): CController->runActionWithFilters(Object(CInlineAction), Array)
#20 C:\wamp\www\yii\framework\web\CWebApplication.php(282): CController->run('create')
#21 C:\wamp\www\yii\framework\web\CWebApplication.php(141): CWebApplication->runController('activity/create')
#22 C:\wamp\www\yii\framework\base\CApplication.php(180): CWebApplication->processRequest()
#23 C:\wamp\www\fs\index.php(13): CApplication->run()
#24 {main}
REQUEST_URI=/fs/index.php?r=activity/create
HTTP_REFERER=http://localhost/fs/index.php?r=site/login
---
2014/02/22 06:26:44 [warning] [application] Failed to set unsafe attribute "img" of "Activity".
in C:\wamp\www\fs\protected\controllers\ActivityController.php (72)
in C:\wamp\www\fs\index.php (13)
2014/02/22 06:31:44 [warning] [application] Failed to set unsafe attribute "img" of "Activity".
in C:\wamp\www\fs\protected\controllers\ActivityController.php (72)
in C:\wamp\www\fs\index.php (13)
2014/02/22 06:31:47 [warning] [application] Failed to set unsafe attribute "img" of "Activity".
in C:\wamp\www\fs\protected\controllers\ActivityController.php (72)
in C:\wamp\www\fs\index.php (13)
2014/02/22 06:32:20 [warning] [application] Failed to set unsafe attribute "img" of "Activity".
in C:\wamp\www\fs\protected\controllers\ActivityController.php (72)
in C:\wamp\www\fs\index.php (13)
2014/02/22 06:41:25 [warning] [application] Failed to set unsafe attribute "img" of "Activity".
in C:\wamp\www\fs\protected\controllers\ActivityController.php (72)
in C:\wamp\www\fs\index.php (13)
2014/02/22 06:46:44 [warning] [application] Failed to set unsafe attribute "img" of "Activity".
in C:\wamp\www\fs\protected\controllers\ActivityController.php (72)
in C:\wamp\www\fs\index.php (13)
2014/02/22 06:50:33 [warning] [application] Failed to set unsafe attribute "img" of "Activity".
in C:\wamp\www\fs\protected\controllers\ActivityController.php (72)
in C:\wamp\www\fs\index.php (13)
2014/02/22 06:50:33 [error] [php] Undefined variable: fileName (C:\wamp\www\fs\protected\controllers\ActivityController.php:82)
Stack trace:
#0 C:\wamp\www\yii\framework\web\filters\CFilterChain.php(133): ActivityController->runAction()
#1 C:\wamp\www\yii\framework\web\filters\CFilter.php(40): CFilterChain->run()
#2 C:\wamp\www\yii\framework\web\CController.php(1145): CAccessControlFilter->filter()
#3 C:\wamp\www\yii\framework\web\filters\CInlineFilter.php(58): ActivityController->filterAccessControl()
#4 C:\wamp\www\yii\framework\web\filters\CFilterChain.php(130): CInlineFilter->filter()
#5 C:\wamp\www\yii\framework\web\CController.php(291): CFilterChain->run()
#6 C:\wamp\www\yii\framework\web\CController.php(265): ActivityController->runActionWithFilters()
#7 C:\wamp\www\yii\framework\web\CWebApplication.php(282): ActivityController->run()
#8 C:\wamp\www\yii\framework\web\CWebApplication.php(141): CWebApplication->runController()
#9 C:\wamp\www\yii\framework\base\CApplication.php(180): CWebApplication->processRequest()
#10 C:\wamp\www\fs\index.php(13): CWebApplication->run()
REQUEST_URI=/fs/index.php?r=activity/create
in C:\wamp\www\fs\protected\controllers\ActivityController.php (82)
in C:\wamp\www\fs\index.php (13)
2014/02/22 06:50:59 [warning] [application] Failed to set unsafe attribute "img" of "Activity".
in C:\wamp\www\fs\protected\controllers\ActivityController.php (72)
in C:\wamp\www\fs\index.php (13)
2014/02/22 06:50:59 [error] [php] Undefined variable: fileName (C:\wamp\www\fs\protected\controllers\ActivityController.php:85)
Stack trace:
#0 C:\wamp\www\yii\framework\web\filters\CFilterChain.php(133): ActivityController->runAction()
#1 C:\wamp\www\yii\framework\web\filters\CFilter.php(40): CFilterChain->run()
#2 C:\wamp\www\yii\framework\web\CController.php(1145): CAccessControlFilter->filter()
#3 C:\wamp\www\yii\framework\web\filters\CInlineFilter.php(58): ActivityController->filterAccessControl()
#4 C:\wamp\www\yii\framework\web\filters\CFilterChain.php(130): CInlineFilter->filter()
#5 C:\wamp\www\yii\framework\web\CController.php(291): CFilterChain->run()
#6 C:\wamp\www\yii\framework\web\CController.php(265): ActivityController->runActionWithFilters()
#7 C:\wamp\www\yii\framework\web\CWebApplication.php(282): ActivityController->run()
#8 C:\wamp\www\yii\framework\web\CWebApplication.php(141): CWebApplication->runController()
#9 C:\wamp\www\yii\framework\base\CApplication.php(180): CWebApplication->processRequest()
#10 C:\wamp\www\fs\index.php(13): CWebApplication->run()
REQUEST_URI=/fs/index.php?r=activity/create
in C:\wamp\www\fs\protected\controllers\ActivityController.php (85)
in C:\wamp\www\fs\index.php (13)
2014/02/22 06:51:04 [warning] [application] Failed to set unsafe attribute "img" of "Activity".
in C:\wamp\www\fs\protected\controllers\ActivityController.php (72)
in C:\wamp\www\fs\index.php (13)
2014/02/22 06:51:04 [error] [php] Undefined variable: fileName (C:\wamp\www\fs\protected\controllers\ActivityController.php:85)
Stack trace:
#0 C:\wamp\www\yii\framework\web\filters\CFilterChain.php(133): ActivityController->runAction()
#1 C:\wamp\www\yii\framework\web\filters\CFilter.php(40): CFilterChain->run()
#2 C:\wamp\www\yii\framework\web\CController.php(1145): CAccessControlFilter->filter()
#3 C:\wamp\www\yii\framework\web\filters\CInlineFilter.php(58): ActivityController->filterAccessControl()
#4 C:\wamp\www\yii\framework\web\filters\CFilterChain.php(130): CInlineFilter->filter()
#5 C:\wamp\www\yii\framework\web\CController.php(291): CFilterChain->run()
#6 C:\wamp\www\yii\framework\web\CController.php(265): ActivityController->runActionWithFilters()
#7 C:\wamp\www\yii\framework\web\CWebApplication.php(282): ActivityController->run()
#8 C:\wamp\www\yii\framework\web\CWebApplication.php(141): CWebApplication->runController()
#9 C:\wamp\www\yii\framework\base\CApplication.php(180): CWebApplication->processRequest()
#10 C:\wamp\www\fs\index.php(13): CWebApplication->run()
REQUEST_URI=/fs/index.php?r=activity/create
in C:\wamp\www\fs\protected\controllers\ActivityController.php (85)
in C:\wamp\www\fs\index.php (13)
2014/02/22 06:51:15 [warning] [application] Failed to set unsafe attribute "img" of "Activity".
in C:\wamp\www\fs\protected\controllers\ActivityController.php (72)
in C:\wamp\www\fs\index.php (13)
2014/02/22 06:51:15 [error] [php] move_uploaded_file(C:\wamp\www\fs\protected/images/activity/.jpg): failed to open stream: No such file or directory (C:\wamp\www\yii\framework\web\CUploadedFile.php:198)
Stack trace:
#0 C:\wamp\www\yii\framework\web\actions\CInlineAction.php(49): ActivityController->actionCreate()
#1 C:\wamp\www\yii\framework\web\CController.php(308): CInlineAction->runWithParams()
#2 C:\wamp\www\yii\framework\web\filters\CFilterChain.php(133): ActivityController->runAction()
#3 C:\wamp\www\yii\framework\web\filters\CFilter.php(40): CFilterChain->run()
#4 C:\wamp\www\yii\framework\web\CController.php(1145): CAccessControlFilter->filter()
#5 C:\wamp\www\yii\framework\web\filters\CInlineFilter.php(58): ActivityController->filterAccessControl()
#6 C:\wamp\www\yii\framework\web\filters\CFilterChain.php(130): CInlineFilter->filter()
#7 C:\wamp\www\yii\framework\web\CController.php(291): CFilterChain->run()
#8 C:\wamp\www\yii\framework\web\CController.php(265): ActivityController->runActionWithFilters()
#9 C:\wamp\www\yii\framework\web\CWebApplication.php(282): ActivityController->run()
#10 C:\wamp\www\yii\framework\web\CWebApplication.php(141): CWebApplication->runController()
#11 C:\wamp\www\yii\framework\base\CApplication.php(180): CWebApplication->processRequest()
#12 C:\wamp\www\fs\index.php(13): CWebApplication->run()
REQUEST_URI=/fs/index.php?r=activity/create
in C:\wamp\www\fs\protected\controllers\ActivityController.php (85)
in C:\wamp\www\fs\index.php (13)
2014/02/22 06:51:43 [warning] [application] Failed to set unsafe attribute "img" of "Activity".
in C:\wamp\www\fs\protected\controllers\ActivityController.php (72)
in C:\wamp\www\fs\index.php (13)
2014/02/22 06:51:43 [error] [php] move_uploaded_file(C:\wamp\www\fs\protected../images/activity/.jpg): failed to open stream: No such file or directory (C:\wamp\www\yii\framework\web\CUploadedFile.php:198)
Stack trace:
#0 C:\wamp\www\yii\framework\web\actions\CInlineAction.php(49): ActivityController->actionCreate()
#1 C:\wamp\www\yii\framework\web\CController.php(308): CInlineAction->runWithParams()
#2 C:\wamp\www\yii\framework\web\filters\CFilterChain.php(133): ActivityController->runAction()
#3 C:\wamp\www\yii\framework\web\filters\CFilter.php(40): CFilterChain->run()
#4 C:\wamp\www\yii\framework\web\CController.php(1145): CAccessControlFilter->filter()
#5 C:\wamp\www\yii\framework\web\filters\CInlineFilter.php(58): ActivityController->filterAccessControl()
#6 C:\wamp\www\yii\framework\web\filters\CFilterChain.php(130): CInlineFilter->filter()
#7 C:\wamp\www\yii\framework\web\CController.php(291): CFilterChain->run()
#8 C:\wamp\www\yii\framework\web\CController.php(265): ActivityController->runActionWithFilters()
#9 C:\wamp\www\yii\framework\web\CWebApplication.php(282): ActivityController->run()
#10 C:\wamp\www\yii\framework\web\CWebApplication.php(141): CWebApplication->runController()
#11 C:\wamp\www\yii\framework\base\CApplication.php(180): CWebApplication->processRequest()
#12 C:\wamp\www\fs\index.php(13): CWebApplication->run()
REQUEST_URI=/fs/index.php?r=activity/create
in C:\wamp\www\fs\protected\controllers\ActivityController.php (85)
in C:\wamp\www\fs\index.php (13)
2014/02/22 06:51:58 [warning] [application] Failed to set unsafe attribute "img" of "Activity".
in C:\wamp\www\fs\protected\controllers\ActivityController.php (72)
in C:\wamp\www\fs\index.php (13)
2014/02/22 06:53:09 [warning] [application] Failed to set unsafe attribute "img" of "Activity".
in C:\wamp\www\fs\protected\controllers\ActivityController.php (110)
in C:\wamp\www\fs\index.php (13)
2014/02/22 06:53:09 [error] [php] Undefined variable: fileName (C:\wamp\www\fs\protected\controllers\ActivityController.php:116)
Stack trace:
#0 C:\wamp\www\yii\framework\web\actions\CInlineAction.php(47): CInlineAction->runWithParamsInternal()
#1 C:\wamp\www\yii\framework\web\CController.php(308): CInlineAction->runWithParams()
#2 C:\wamp\www\yii\framework\web\filters\CFilterChain.php(133): ActivityController->runAction()
#3 C:\wamp\www\yii\framework\web\filters\CFilter.php(40): CFilterChain->run()
#4 C:\wamp\www\yii\framework\web\CController.php(1145): CAccessControlFilter->filter()
#5 C:\wamp\www\yii\framework\web\filters\CInlineFilter.php(58): ActivityController->filterAccessControl()
#6 C:\wamp\www\yii\framework\web\filters\CFilterChain.php(130): CInlineFilter->filter()
#7 C:\wamp\www\yii\framework\web\CController.php(291): CFilterChain->run()
#8 C:\wamp\www\yii\framework\web\CController.php(265): ActivityController->runActionWithFilters()
#9 C:\wamp\www\yii\framework\web\CWebApplication.php(282): ActivityController->run()
#10 C:\wamp\www\yii\framework\web\CWebApplication.php(141): CWebApplication->runController()
#11 C:\wamp\www\yii\framework\base\CApplication.php(180): CWebApplication->processRequest()
#12 C:\wamp\www\fs\index.php(13): CWebApplication->run()
REQUEST_URI=/fs/index.php?r=activity/update&id=5
in C:\wamp\www\fs\protected\controllers\ActivityController.php (116)
in C:\wamp\www\fs\index.php (13)
2014/02/22 06:53:24 [warning] [application] Failed to set unsafe attribute "img" of "Activity".
in C:\wamp\www\fs\protected\controllers\ActivityController.php (110)
in C:\wamp\www\fs\index.php (13)
2014/02/22 06:53:24 [error] [php] move_uploaded_file(C:\wamp\www\fs\protected/images/activity/5.jpg): failed to open stream: No such file or directory (C:\wamp\www\yii\framework\web\CUploadedFile.php:198)
Stack trace:
#0 unknown(0): ActivityController->actionUpdate()
#1 C:\wamp\www\yii\framework\web\actions\CAction.php(108): ReflectionMethod->invokeArgs()
#2 C:\wamp\www\yii\framework\web\actions\CInlineAction.php(47): CInlineAction->runWithParamsInternal()
#3 C:\wamp\www\yii\framework\web\CController.php(308): CInlineAction->runWithParams()
#4 C:\wamp\www\yii\framework\web\filters\CFilterChain.php(133): ActivityController->runAction()
#5 C:\wamp\www\yii\framework\web\filters\CFilter.php(40): CFilterChain->run()
#6 C:\wamp\www\yii\framework\web\CController.php(1145): CAccessControlFilter->filter()
#7 C:\wamp\www\yii\framework\web\filters\CInlineFilter.php(58): ActivityController->filterAccessControl()
#8 C:\wamp\www\yii\framework\web\filters\CFilterChain.php(130): CInlineFilter->filter()
#9 C:\wamp\www\yii\framework\web\CController.php(291): CFilterChain->run()
#10 C:\wamp\www\yii\framework\web\CController.php(265): ActivityController->runActionWithFilters()
#11 C:\wamp\www\yii\framework\web\CWebApplication.php(282): ActivityController->run()
#12 C:\wamp\www\yii\framework\web\CWebApplication.php(141): CWebApplication->runController()
#13 C:\wamp\www\yii\framework\base\CApplication.php(180): CWebApplication->processRequest()
#14 C:\wamp\www\fs\index.php(13): CWebApplication->run()
REQUEST_URI=/fs/index.php?r=activity/update&id=5
in C:\wamp\www\fs\protected\controllers\ActivityController.php (122)
in C:\wamp\www\fs\index.php (13)
2014/02/22 06:53:35 [warning] [application] Failed to set unsafe attribute "img" of "Activity".
in C:\wamp\www\fs\protected\controllers\ActivityController.php (110)
in C:\wamp\www\fs\index.php (13)
2014/02/22 06:54:29 [warning] [application] Failed to set unsafe attribute "img" of "Activity".
in C:\wamp\www\fs\protected\controllers\ActivityController.php (110)
in C:\wamp\www\fs\index.php (13)
2014/02/22 06:57:47 [error] [php] include(CHtml::image(Yii.php): failed to open stream: Invalid argument (C:\wamp\www\yii\framework\YiiBase.php:427)
Stack trace:
#0 unknown(0): spl_autoload_call()
#1 C:\wamp\www\yii\framework\zii\widgets\CDetailView.php(212): is_callable()
#2 C:\wamp\www\yii\framework\web\CBaseController.php(173): CDetailView->run()
#3 C:\wamp\www\fs\protected\views\activity\view.php(36): ActivityController->widget()
#4 C:\wamp\www\yii\framework\web\CBaseController.php(126): require()
#5 C:\wamp\www\yii\framework\web\CBaseController.php(95): ActivityController->renderInternal()
#6 C:\wamp\www\yii\framework\web\CController.php(869): ActivityController->renderFile()
#7 C:\wamp\www\yii\framework\web\CController.php(782): ActivityController->renderPartial()
#8 C:\wamp\www\fs\protected\controllers\ActivityController.php(56): ActivityController->render()
#9 unknown(0): ActivityController->actionView()
#10 C:\wamp\www\yii\framework\web\actions\CAction.php(108): ReflectionMethod->invokeArgs()
#11 C:\wamp\www\yii\framework\web\actions\CInlineAction.php(47): CInlineAction->runWithParamsInternal()
#12 C:\wamp\www\yii\framework\web\CController.php(308): CInlineAction->runWithParams()
#13 C:\wamp\www\yii\framework\web\filters\CFilterChain.php(133): ActivityController->runAction()
#14 C:\wamp\www\yii\framework\web\filters\CFilter.php(40): CFilterChain->run()
#15 C:\wamp\www\yii\framework\web\CController.php(1145): CAccessControlFilter->filter()
#16 C:\wamp\www\yii\framework\web\filters\CInlineFilter.php(58): ActivityController->filterAccessControl()
#17 C:\wamp\www\yii\framework\web\filters\CFilterChain.php(130): CInlineFilter->filter()
#18 C:\wamp\www\yii\framework\web\CController.php(291): CFilterChain->run()
#19 C:\wamp\www\yii\framework\web\CController.php(265): ActivityController->runActionWithFilters()
#20 C:\wamp\www\yii\framework\web\CWebApplication.php(282): ActivityController->run()
#21 C:\wamp\www\yii\framework\web\CWebApplication.php(141): CWebApplication->runController()
#22 C:\wamp\www\yii\framework\base\CApplication.php(180): CWebApplication->processRequest()
#23 C:\wamp\www\fs\index.php(13): CWebApplication->run()
REQUEST_URI=/fs/index.php?r=activity/view&id=5
in C:\wamp\www\fs\protected\views\activity\view.php (36)
in C:\wamp\www\fs\protected\controllers\ActivityController.php (56)
in C:\wamp\www\fs\index.php (13)
2014/02/22 06:58:15 [error] [php] include(CHtml::image(Yii.php): failed to open stream: Invalid argument (C:\wamp\www\yii\framework\YiiBase.php:427)
Stack trace:
#0 unknown(0): spl_autoload_call()
#1 C:\wamp\www\yii\framework\zii\widgets\CDetailView.php(212): is_callable()
#2 C:\wamp\www\yii\framework\web\CBaseController.php(173): CDetailView->run()
#3 C:\wamp\www\fs\protected\views\activity\view.php(36): ActivityController->widget()
#4 C:\wamp\www\yii\framework\web\CBaseController.php(126): require()
#5 C:\wamp\www\yii\framework\web\CBaseController.php(95): ActivityController->renderInternal()
#6 C:\wamp\www\yii\framework\web\CController.php(869): ActivityController->renderFile()
#7 C:\wamp\www\yii\framework\web\CController.php(782): ActivityController->renderPartial()
#8 C:\wamp\www\fs\protected\controllers\ActivityController.php(56): ActivityController->render()
#9 unknown(0): ActivityController->actionView()
#10 C:\wamp\www\yii\framework\web\actions\CAction.php(108): ReflectionMethod->invokeArgs()
#11 C:\wamp\www\yii\framework\web\actions\CInlineAction.php(47): CInlineAction->runWithParamsInternal()
#12 C:\wamp\www\yii\framework\web\CController.php(308): CInlineAction->runWithParams()
#13 C:\wamp\www\yii\framework\web\filters\CFilterChain.php(133): ActivityController->runAction()
#14 C:\wamp\www\yii\framework\web\filters\CFilter.php(40): CFilterChain->run()
#15 C:\wamp\www\yii\framework\web\CController.php(1145): CAccessControlFilter->filter()
#16 C:\wamp\www\yii\framework\web\filters\CInlineFilter.php(58): ActivityController->filterAccessControl()
#17 C:\wamp\www\yii\framework\web\filters\CFilterChain.php(130): CInlineFilter->filter()
#18 C:\wamp\www\yii\framework\web\CController.php(291): CFilterChain->run()
#19 C:\wamp\www\yii\framework\web\CController.php(265): ActivityController->runActionWithFilters()
#20 C:\wamp\www\yii\framework\web\CWebApplication.php(282): ActivityController->run()
#21 C:\wamp\www\yii\framework\web\CWebApplication.php(141): CWebApplication->runController()
#22 C:\wamp\www\yii\framework\base\CApplication.php(180): CWebApplication->processRequest()
#23 C:\wamp\www\fs\index.php(13): CWebApplication->run()
REQUEST_URI=/fs/index.php?r=activity/view&id=5
in C:\wamp\www\fs\protected\views\activity\view.php (36)
in C:\wamp\www\fs\protected\controllers\ActivityController.php (56)
in C:\wamp\www\fs\index.php (13)
2014/02/22 06:58:16 [error] [php] include(CHtml::image(Yii.php): failed to open stream: Invalid argument (C:\wamp\www\yii\framework\YiiBase.php:427)
Stack trace:
#0 unknown(0): spl_autoload_call()
#1 C:\wamp\www\yii\framework\zii\widgets\CDetailView.php(212): is_callable()
#2 C:\wamp\www\yii\framework\web\CBaseController.php(173): CDetailView->run()
#3 C:\wamp\www\fs\protected\views\activity\view.php(36): ActivityController->widget()
#4 C:\wamp\www\yii\framework\web\CBaseController.php(126): require()
#5 C:\wamp\www\yii\framework\web\CBaseController.php(95): ActivityController->renderInternal()
#6 C:\wamp\www\yii\framework\web\CController.php(869): ActivityController->renderFile()
#7 C:\wamp\www\yii\framework\web\CController.php(782): ActivityController->renderPartial()
#8 C:\wamp\www\fs\protected\controllers\ActivityController.php(56): ActivityController->render()
#9 unknown(0): ActivityController->actionView()
#10 C:\wamp\www\yii\framework\web\actions\CAction.php(108): ReflectionMethod->invokeArgs()
#11 C:\wamp\www\yii\framework\web\actions\CInlineAction.php(47): CInlineAction->runWithParamsInternal()
#12 C:\wamp\www\yii\framework\web\CController.php(308): CInlineAction->runWithParams()
#13 C:\wamp\www\yii\framework\web\filters\CFilterChain.php(133): ActivityController->runAction()
#14 C:\wamp\www\yii\framework\web\filters\CFilter.php(40): CFilterChain->run()
#15 C:\wamp\www\yii\framework\web\CController.php(1145): CAccessControlFilter->filter()
#16 C:\wamp\www\yii\framework\web\filters\CInlineFilter.php(58): ActivityController->filterAccessControl()
#17 C:\wamp\www\yii\framework\web\filters\CFilterChain.php(130): CInlineFilter->filter()
#18 C:\wamp\www\yii\framework\web\CController.php(291): CFilterChain->run()
#19 C:\wamp\www\yii\framework\web\CController.php(265): ActivityController->runActionWithFilters()
#20 C:\wamp\www\yii\framework\web\CWebApplication.php(282): ActivityController->run()
#21 C:\wamp\www\yii\framework\web\CWebApplication.php(141): CWebApplication->runController()
#22 C:\wamp\www\yii\framework\base\CApplication.php(180): CWebApplication->processRequest()
#23 C:\wamp\www\fs\index.php(13): CWebApplication->run()
REQUEST_URI=/fs/index.php?r=activity/view&id=5
in C:\wamp\www\fs\protected\views\activity\view.php (36)
in C:\wamp\www\fs\protected\controllers\ActivityController.php (56)
in C:\wamp\www\fs\index.php (13)
2014/02/22 06:58:29 [error] [php] include(CHtml::image(Yii.php): failed to open stream: Invalid argument (C:\wamp\www\yii\framework\YiiBase.php:427)
Stack trace:
#0 unknown(0): spl_autoload_call()
#1 C:\wamp\www\yii\framework\zii\widgets\CDetailView.php(212): is_callable()
#2 C:\wamp\www\yii\framework\web\CBaseController.php(173): CDetailView->run()
#3 C:\wamp\www\fs\protected\views\activity\view.php(36): ActivityController->widget()
#4 C:\wamp\www\yii\framework\web\CBaseController.php(126): require()
#5 C:\wamp\www\yii\framework\web\CBaseController.php(95): ActivityController->renderInternal()
#6 C:\wamp\www\yii\framework\web\CController.php(869): ActivityController->renderFile()
#7 C:\wamp\www\yii\framework\web\CController.php(782): ActivityController->renderPartial()
#8 C:\wamp\www\fs\protected\controllers\ActivityController.php(56): ActivityController->render()
#9 unknown(0): ActivityController->actionView()
#10 C:\wamp\www\yii\framework\web\actions\CAction.php(108): ReflectionMethod->invokeArgs()
#11 C:\wamp\www\yii\framework\web\actions\CInlineAction.php(47): CInlineAction->runWithParamsInternal()
#12 C:\wamp\www\yii\framework\web\CController.php(308): CInlineAction->runWithParams()
#13 C:\wamp\www\yii\framework\web\filters\CFilterChain.php(133): ActivityController->runAction()
#14 C:\wamp\www\yii\framework\web\filters\CFilter.php(40): CFilterChain->run()
#15 C:\wamp\www\yii\framework\web\CController.php(1145): CAccessControlFilter->filter()
#16 C:\wamp\www\yii\framework\web\filters\CInlineFilter.php(58): ActivityController->filterAccessControl()
#17 C:\wamp\www\yii\framework\web\filters\CFilterChain.php(130): CInlineFilter->filter()
#18 C:\wamp\www\yii\framework\web\CController.php(291): CFilterChain->run()
#19 C:\wamp\www\yii\framework\web\CController.php(265): ActivityController->runActionWithFilters()
#20 C:\wamp\www\yii\framework\web\CWebApplication.php(282): ActivityController->run()
#21 C:\wamp\www\yii\framework\web\CWebApplication.php(141): CWebApplication->runController()
#22 C:\wamp\www\yii\framework\base\CApplication.php(180): CWebApplication->processRequest()
#23 C:\wamp\www\fs\index.php(13): CWebApplication->run()
REQUEST_URI=/fs/index.php?r=activity/view&id=5
in C:\wamp\www\fs\protected\views\activity\view.php (36)
in C:\wamp\www\fs\protected\controllers\ActivityController.php (56)
in C:\wamp\www\fs\index.php (13)
2014/02/22 06:59:56 [error] [php] include(CHtml::image(Yii.php): failed to open stream: Invalid argument (C:\wamp\www\yii\framework\YiiBase.php:427)
Stack trace:
#0 unknown(0): spl_autoload_call()
#1 C:\wamp\www\yii\framework\zii\widgets\CDetailView.php(212): is_callable()
#2 C:\wamp\www\yii\framework\web\CBaseController.php(173): CDetailView->run()
#3 C:\wamp\www\fs\protected\views\activity\view.php(36): ActivityController->widget()
#4 C:\wamp\www\yii\framework\web\CBaseController.php(126): require()
#5 C:\wamp\www\yii\framework\web\CBaseController.php(95): ActivityController->renderInternal()
#6 C:\wamp\www\yii\framework\web\CController.php(869): ActivityController->renderFile()
#7 C:\wamp\www\yii\framework\web\CController.php(782): ActivityController->renderPartial()
#8 C:\wamp\www\fs\protected\controllers\ActivityController.php(56): ActivityController->render()
#9 unknown(0): ActivityController->actionView()
#10 C:\wamp\www\yii\framework\web\actions\CAction.php(108): ReflectionMethod->invokeArgs()
#11 C:\wamp\www\yii\framework\web\actions\CInlineAction.php(47): CInlineAction->runWithParamsInternal()
#12 C:\wamp\www\yii\framework\web\CController.php(308): CInlineAction->runWithParams()
#13 C:\wamp\www\yii\framework\web\filters\CFilterChain.php(133): ActivityController->runAction()
#14 C:\wamp\www\yii\framework\web\filters\CFilter.php(40): CFilterChain->run()
#15 C:\wamp\www\yii\framework\web\CController.php(1145): CAccessControlFilter->filter()
#16 C:\wamp\www\yii\framework\web\filters\CInlineFilter.php(58): ActivityController->filterAccessControl()
#17 C:\wamp\www\yii\framework\web\filters\CFilterChain.php(130): CInlineFilter->filter()
#18 C:\wamp\www\yii\framework\web\CController.php(291): CFilterChain->run()
#19 C:\wamp\www\yii\framework\web\CController.php(265): ActivityController->runActionWithFilters()
#20 C:\wamp\www\yii\framework\web\CWebApplication.php(282): ActivityController->run()
#21 C:\wamp\www\yii\framework\web\CWebApplication.php(141): CWebApplication->runController()
#22 C:\wamp\www\yii\framework\base\CApplication.php(180): CWebApplication->processRequest()
#23 C:\wamp\www\fs\index.php(13): CWebApplication->run()
REQUEST_URI=/fs/index.php?r=activity/view&id=5
in C:\wamp\www\fs\protected\views\activity\view.php (36)
in C:\wamp\www\fs\protected\controllers\ActivityController.php (56)
in C:\wamp\www\fs\index.php (13)
2014/02/22 06:59:59 [error] [php] include(CHtml::image(Yii.php): failed to open stream: Invalid argument (C:\wamp\www\yii\framework\YiiBase.php:427)
Stack trace:
#0 unknown(0): spl_autoload_call()
#1 C:\wamp\www\yii\framework\zii\widgets\CDetailView.php(212): is_callable()
#2 C:\wamp\www\yii\framework\web\CBaseController.php(173): CDetailView->run()
#3 C:\wamp\www\fs\protected\views\activity\view.php(36): ActivityController->widget()
#4 C:\wamp\www\yii\framework\web\CBaseController.php(126): require()
#5 C:\wamp\www\yii\framework\web\CBaseController.php(95): ActivityController->renderInternal()
#6 C:\wamp\www\yii\framework\web\CController.php(869): ActivityController->renderFile()
#7 C:\wamp\www\yii\framework\web\CController.php(782): ActivityController->renderPartial()
#8 C:\wamp\www\fs\protected\controllers\ActivityController.php(56): ActivityController->render()
#9 unknown(0): ActivityController->actionView()
#10 C:\wamp\www\yii\framework\web\actions\CAction.php(108): ReflectionMethod->invokeArgs()
#11 C:\wamp\www\yii\framework\web\actions\CInlineAction.php(47): CInlineAction->runWithParamsInternal()
#12 C:\wamp\www\yii\framework\web\CController.php(308): CInlineAction->runWithParams()
#13 C:\wamp\www\yii\framework\web\filters\CFilterChain.php(133): ActivityController->runAction()
#14 C:\wamp\www\yii\framework\web\filters\CFilter.php(40): CFilterChain->run()
#15 C:\wamp\www\yii\framework\web\CController.php(1145): CAccessControlFilter->filter()
#16 C:\wamp\www\yii\framework\web\filters\CInlineFilter.php(58): ActivityController->filterAccessControl()
#17 C:\wamp\www\yii\framework\web\filters\CFilterChain.php(130): CInlineFilter->filter()
#18 C:\wamp\www\yii\framework\web\CController.php(291): CFilterChain->run()
#19 C:\wamp\www\yii\framework\web\CController.php(265): ActivityController->runActionWithFilters()
#20 C:\wamp\www\yii\framework\web\CWebApplication.php(282): ActivityController->run()
#21 C:\wamp\www\yii\framework\web\CWebApplication.php(141): CWebApplication->runController()
#22 C:\wamp\www\yii\framework\base\CApplication.php(180): CWebApplication->processRequest()
#23 C:\wamp\www\fs\index.php(13): CWebApplication->run()
REQUEST_URI=/fs/index.php?r=activity/view&id=5
in C:\wamp\www\fs\protected\views\activity\view.php (36)
in C:\wamp\www\fs\protected\controllers\ActivityController.php (56)
in C:\wamp\www\fs\index.php (13)
2014/02/22 07:06:42 [error] [php] Undefined variable: model (C:\wamp\www\fs\protected\views\activity\_view.php:17)
Stack trace:
#0 C:\wamp\www\yii\framework\zii\widgets\CListView.php(291): ActivityController->renderFile()
#1 C:\wamp\www\yii\framework\zii\widgets\CBaseListView.php(167): CListView->renderItems()
#2 unknown(0): CListView->renderSection()
#3 C:\wamp\www\yii\framework\zii\widgets\CBaseListView.php(150): preg_replace_callback()
#4 C:\wamp\www\yii\framework\zii\widgets\CBaseListView.php(135): CListView->renderContent()
#5 C:\wamp\www\yii\framework\web\CBaseController.php(173): CListView->run()
#6 C:\wamp\www\fs\protected\views\activity\index.php(20): ActivityController->widget()
#7 C:\wamp\www\yii\framework\web\CBaseController.php(126): require()
#8 C:\wamp\www\yii\framework\web\CBaseController.php(95): ActivityController->renderInternal()
#9 C:\wamp\www\yii\framework\web\CController.php(869): ActivityController->renderFile()
#10 C:\wamp\www\yii\framework\web\CController.php(782): ActivityController->renderPartial()
#11 C:\wamp\www\fs\protected\controllers\ActivityController.php(155): ActivityController->render()
#12 C:\wamp\www\yii\framework\web\actions\CInlineAction.php(49): ActivityController->actionIndex()
#13 C:\wamp\www\yii\framework\web\CController.php(308): CInlineAction->runWithParams()
#14 C:\wamp\www\yii\framework\web\filters\CFilterChain.php(133): ActivityController->runAction()
#15 C:\wamp\www\yii\framework\web\filters\CFilter.php(40): CFilterChain->run()
#16 C:\wamp\www\yii\framework\web\CController.php(1145): CAccessControlFilter->filter()
#17 C:\wamp\www\yii\framework\web\filters\CInlineFilter.php(58): ActivityController->filterAccessControl()
#18 C:\wamp\www\yii\framework\web\filters\CFilterChain.php(130): CInlineFilter->filter()
#19 C:\wamp\www\yii\framework\web\CController.php(291): CFilterChain->run()
#20 C:\wamp\www\yii\framework\web\CController.php(265): ActivityController->runActionWithFilters()
#21 C:\wamp\www\yii\framework\web\CWebApplication.php(282): ActivityController->run()
#22 C:\wamp\www\yii\framework\web\CWebApplication.php(141): CWebApplication->runController()
#23 C:\wamp\www\yii\framework\base\CApplication.php(180): CWebApplication->processRequest()
#24 C:\wamp\www\fs\index.php(13): CWebApplication->run()
REQUEST_URI=/fs/index.php?r=activity/index
in C:\wamp\www\fs\protected\views\activity\_view.php (17)
in C:\wamp\www\fs\protected\views\activity\index.php (20)
in C:\wamp\www\fs\protected\controllers\ActivityController.php (155)
2014/02/22 07:19:08 [error] [php] Undefined variable: model (C:\wamp\www\fs\protected\views\activity\_view.php:31)
Stack trace:
#0 C:\wamp\www\yii\framework\zii\widgets\CListView.php(291): ActivityController->renderFile()
#1 C:\wamp\www\yii\framework\zii\widgets\CBaseListView.php(167): CListView->renderItems()
#2 unknown(0): CListView->renderSection()
#3 C:\wamp\www\yii\framework\zii\widgets\CBaseListView.php(150): preg_replace_callback()
#4 C:\wamp\www\yii\framework\zii\widgets\CBaseListView.php(135): CListView->renderContent()
#5 C:\wamp\www\yii\framework\web\CBaseController.php(173): CListView->run()
#6 C:\wamp\www\fs\protected\views\activity\index.php(20): ActivityController->widget()
#7 C:\wamp\www\yii\framework\web\CBaseController.php(126): require()
#8 C:\wamp\www\yii\framework\web\CBaseController.php(95): ActivityController->renderInternal()
#9 C:\wamp\www\yii\framework\web\CController.php(869): ActivityController->renderFile()
#10 C:\wamp\www\yii\framework\web\CController.php(782): ActivityController->renderPartial()
#11 C:\wamp\www\fs\protected\controllers\ActivityController.php(155): ActivityController->render()
#12 C:\wamp\www\yii\framework\web\actions\CInlineAction.php(49): ActivityController->actionIndex()
#13 C:\wamp\www\yii\framework\web\CController.php(308): CInlineAction->runWithParams()
#14 C:\wamp\www\yii\framework\web\filters\CFilterChain.php(133): ActivityController->runAction()
#15 C:\wamp\www\yii\framework\web\filters\CFilter.php(40): CFilterChain->run()
#16 C:\wamp\www\yii\framework\web\CController.php(1145): CAccessControlFilter->filter()
#17 C:\wamp\www\yii\framework\web\filters\CInlineFilter.php(58): ActivityController->filterAccessControl()
#18 C:\wamp\www\yii\framework\web\filters\CFilterChain.php(130): CInlineFilter->filter()
#19 C:\wamp\www\yii\framework\web\CController.php(291): CFilterChain->run()
#20 C:\wamp\www\yii\framework\web\CController.php(265): ActivityController->runActionWithFilters()
#21 C:\wamp\www\yii\framework\web\CWebApplication.php(282): ActivityController->run()
#22 C:\wamp\www\yii\framework\web\CWebApplication.php(141): CWebApplication->runController()
#23 C:\wamp\www\yii\framework\base\CApplication.php(180): CWebApplication->processRequest()
#24 C:\wamp\www\fs\index.php(13): CWebApplication->run()
REQUEST_URI=/fs/index.php?r=activity/index
in C:\wamp\www\fs\protected\views\activity\_view.php (31)
in C:\wamp\www\fs\protected\views\activity\index.php (20)
in C:\wamp\www\fs\protected\controllers\ActivityController.php (155)
